2025-03-10 05:15:43,329 INFO o.h.v.i.u.Version [background-preinit] HV000001: Hibernate Validator 8.0.1.Final
2025-03-10 05:15:43,375 INFO o.s.b.StartupInfoLogger [main] Starting ExpenseManagerApplication using Java 21.0.5 with PID 24972 (C:\Users\gaint\OneDrive\Desktop\Codes\JAVA\ExpenseManager\backend\ExpenseManager\target\classes started by JARVIS in C:\Users\gaint\OneDrive\Desktop\Codes\JAVA\ExpenseManager\backend\ExpenseManager)
2025-03-10 05:15:43,376 DEBUG o.s.b.StartupInfoLogger [main] Running with Spring Boot v3.2.3, Spring v6.1.4
2025-03-10 05:15:43,377 INFO o.s.b.SpringApplication [main] The following 1 profile is active: "dev"
2025-03-10 05:15:44,318 INFO o.s.d.r.c.RepositoryConfigurationDelegate [main] Bootstrapping Spring Data JPA repositories in DEFAULT mode.
2025-03-10 05:15:44,395 INFO o.s.d.r.c.RepositoryConfigurationDelegate [main] Finished Spring Data repository scanning in 69 ms. Found 5 JPA repository interfaces.
2025-03-10 05:15:44,994 INFO o.s.b.w.e.t.TomcatWebServer [main] Tomcat initialized with port 8080 (http)
2025-03-10 05:15:45,007 INFO o.a.j.l.DirectJDKLog [main] Initializing ProtocolHandler ["http-nio-8080"]
2025-03-10 05:15:45,011 INFO o.a.j.l.DirectJDKLog [main] Starting service [Tomcat]
2025-03-10 05:15:45,011 INFO o.a.j.l.DirectJDKLog [main] Starting Servlet engine: [Apache Tomcat/10.1.19]
2025-03-10 05:15:45,077 INFO o.a.j.l.DirectJDKLog [main] Initializing Spring embedded WebApplicationContext
2025-03-10 05:15:45,079 INFO o.s.b.w.s.c.ServletWebServerApplicationContext [main] Root WebApplicationContext: initialization completed in 1649 ms
2025-03-10 05:15:45,209 INFO o.h.j.i.u.LogHelper [main] HHH000204: Processing PersistenceUnitInfo [name: default]
2025-03-10 05:15:45,260 INFO o.h.Version [main] HHH000412: Hibernate ORM core version 6.4.4.Final
2025-03-10 05:15:45,296 INFO o.h.c.i.RegionFactoryInitiator [main] HHH000026: Second-level cache disabled
2025-03-10 05:15:45,530 INFO o.s.o.j.p.SpringPersistenceUnitInfo [main] No LoadTimeWeaver setup: ignoring JPA class transformer
2025-03-10 05:15:45,558 INFO c.z.h.HikariDataSource [main] HikariPool-1 - Starting...
2025-03-10 05:15:45,941 INFO c.z.h.p.HikariPool [main] HikariPool-1 - Added connection org.postgresql.jdbc.PgConnection@3c71cf3e
2025-03-10 05:15:45,943 INFO c.z.h.HikariDataSource [main] HikariPool-1 - Start completed.
2025-03-10 05:15:46,026 WARN o.h.e.j.d.i.DialectFactoryImpl [main] HHH90000025: PostgreSQLDialect does not need to be specified explicitly using 'hibernate.dialect' (remove the property setting and it will be selected by default)
2025-03-10 05:15:47,276 INFO o.h.e.t.j.p.i.JtaPlatformInitiator [main] HHH000489: No JTA platform available (set 'hibernate.transaction.jta.platform' to enable JTA platform integration)
2025-03-10 05:15:47,452 WARN o.h.e.j.s.SqlExceptionHelper$StandardWarningHandler [main] SQL Warning Code: 0, SQLState: 00000
2025-03-10 05:15:47,453 WARN o.h.e.j.s.SqlExceptionHelper$StandardWarningHandler [main] constraint "uk_jqdgl0c5vn0r5w4dc4uip0wmc" of relation "approvals" does not exist, skipping
2025-03-10 05:15:47,572 INFO o.s.o.j.AbstractEntityManagerFactoryBean [main] Initialized JPA EntityManagerFactory for persistence unit 'default'
2025-03-10 05:15:47,849 INFO o.s.d.j.r.q.QueryEnhancerFactory [main] Hibernate is in classpath; If applicable, HQL parser will be used.
2025-03-10 05:15:48,294 DEBUG o.s.w.f.GenericFilterBean [main] Filter 'jwtAuthenticationFilter' configured for use
2025-03-10 05:15:48,378 WARN o.s.c.s.AbstractApplicationContext [main] Exception encountered during context initialization - cancelling refresh attempt: org.springframework.beans.factory.UnsatisfiedDependencyException: Error creating bean with name 'approvalController' defined in file [C:\Users\gaint\OneDrive\Desktop\Codes\JAVA\ExpenseManager\backend\ExpenseManager\target\classes\com\zidioDev\ExpenseManager\controller\ApprovalController.class]: Unsatisfied dependency expressed through constructor parameter 0: Error creating bean with name 'approvalServiceImpl' defined in file [C:\Users\gaint\OneDrive\Desktop\Codes\JAVA\ExpenseManager\backend\ExpenseManager\target\classes\com\zidioDev\ExpenseManager\service\impl\ApprovalServiceImpl.class]: Unsatisfied dependency expressed through constructor parameter 2: Error creating bean with name 'notificationServiceImpl' defined in file [C:\Users\gaint\OneDrive\Desktop\Codes\JAVA\ExpenseManager\backend\ExpenseManager\target\classes\com\zidioDev\ExpenseManager\service\impl\NotificationServiceImpl.class]: Unsatisfied dependency expressed through constructor parameter 0: No qualifying bean of type 'org.springframework.messaging.simp.SimpMessagingTemplate' available: expected at least 1 bean which qualifies as autowire candidate. Dependency annotations: {}
2025-03-10 05:15:48,379 INFO o.s.o.j.AbstractEntityManagerFactoryBean [main] Closing JPA EntityManagerFactory for persistence unit 'default'
2025-03-10 05:15:48,381 INFO c.z.h.HikariDataSource [main] HikariPool-1 - Shutdown initiated...
2025-03-10 05:15:48,385 INFO c.z.h.HikariDataSource [main] HikariPool-1 - Shutdown completed.
2025-03-10 05:15:48,387 INFO o.a.j.l.DirectJDKLog [main] Stopping service [Tomcat]
2025-03-10 05:15:48,401 INFO o.s.b.a.l.ConditionEvaluationReportLogger [main] 

Error starting ApplicationContext. To display the condition evaluation report re-run your application with 'debug' enabled.
2025-03-10 05:15:48,426 ERROR o.s.b.d.LoggingFailureAnalysisReporter [main] 

***************************
APPLICATION FAILED TO START
***************************

Description:

Parameter 0 of constructor in com.zidioDev.ExpenseManager.service.impl.NotificationServiceImpl required a bean of type 'org.springframework.messaging.simp.SimpMessagingTemplate' that could not be found.


Action:

Consider defining a bean of type 'org.springframework.messaging.simp.SimpMessagingTemplate' in your configuration.

2025-03-10 05:16:42,405 INFO o.h.v.i.u.Version [background-preinit] HV000001: Hibernate Validator 8.0.1.Final
2025-03-10 05:16:42,460 INFO o.s.b.StartupInfoLogger [main] Starting ExpenseManagerApplication using Java 21.0.5 with PID 14880 (C:\Users\gaint\OneDrive\Desktop\Codes\JAVA\ExpenseManager\backend\ExpenseManager\target\classes started by JARVIS in C:\Users\gaint\OneDrive\Desktop\Codes\JAVA\ExpenseManager\backend\ExpenseManager)
2025-03-10 05:16:42,463 DEBUG o.s.b.StartupInfoLogger [main] Running with Spring Boot v3.2.3, Spring v6.1.4
2025-03-10 05:16:42,464 INFO o.s.b.SpringApplication [main] The following 1 profile is active: "dev"
2025-03-10 05:16:43,425 INFO o.s.d.r.c.RepositoryConfigurationDelegate [main] Bootstrapping Spring Data JPA repositories in DEFAULT mode.
2025-03-10 05:16:43,499 INFO o.s.d.r.c.RepositoryConfigurationDelegate [main] Finished Spring Data repository scanning in 69 ms. Found 5 JPA repository interfaces.
2025-03-10 05:16:44,098 INFO o.s.b.w.e.t.TomcatWebServer [main] Tomcat initialized with port 8080 (http)
2025-03-10 05:16:44,109 INFO o.a.j.l.DirectJDKLog [main] Initializing ProtocolHandler ["http-nio-8080"]
2025-03-10 05:16:44,112 INFO o.a.j.l.DirectJDKLog [main] Starting service [Tomcat]
2025-03-10 05:16:44,113 INFO o.a.j.l.DirectJDKLog [main] Starting Servlet engine: [Apache Tomcat/10.1.19]
2025-03-10 05:16:44,184 INFO o.a.j.l.DirectJDKLog [main] Initializing Spring embedded WebApplicationContext
2025-03-10 05:16:44,186 INFO o.s.b.w.s.c.ServletWebServerApplicationContext [main] Root WebApplicationContext: initialization completed in 1675 ms
2025-03-10 05:16:44,319 INFO o.h.j.i.u.LogHelper [main] HHH000204: Processing PersistenceUnitInfo [name: default]
2025-03-10 05:16:44,373 INFO o.h.Version [main] HHH000412: Hibernate ORM core version 6.4.4.Final
2025-03-10 05:16:44,407 INFO o.h.c.i.RegionFactoryInitiator [main] HHH000026: Second-level cache disabled
2025-03-10 05:16:44,645 INFO o.s.o.j.p.SpringPersistenceUnitInfo [main] No LoadTimeWeaver setup: ignoring JPA class transformer
2025-03-10 05:16:44,673 INFO c.z.h.HikariDataSource [main] HikariPool-1 - Starting...
2025-03-10 05:16:44,852 INFO c.z.h.p.HikariPool [main] HikariPool-1 - Added connection org.postgresql.jdbc.PgConnection@121cf6f4
2025-03-10 05:16:44,854 INFO c.z.h.HikariDataSource [main] HikariPool-1 - Start completed.
2025-03-10 05:16:44,888 WARN o.h.e.j.d.i.DialectFactoryImpl [main] HHH90000025: PostgreSQLDialect does not need to be specified explicitly using 'hibernate.dialect' (remove the property setting and it will be selected by default)
2025-03-10 05:16:46,088 INFO o.h.e.t.j.p.i.JtaPlatformInitiator [main] HHH000489: No JTA platform available (set 'hibernate.transaction.jta.platform' to enable JTA platform integration)
2025-03-10 05:16:46,255 INFO o.s.o.j.AbstractEntityManagerFactoryBean [main] Initialized JPA EntityManagerFactory for persistence unit 'default'
2025-03-10 05:16:46,523 INFO o.s.d.j.r.q.QueryEnhancerFactory [main] Hibernate is in classpath; If applicable, HQL parser will be used.
2025-03-10 05:16:46,949 DEBUG o.s.w.f.GenericFilterBean [main] Filter 'jwtAuthenticationFilter' configured for use
2025-03-10 05:16:47,123 WARN o.s.c.s.AbstractApplicationContext [main] Exception encountered during context initialization - cancelling refresh attempt: org.springframework.beans.factory.UnsatisfiedDependencyException: Error creating bean with name 'approvalController' defined in file [C:\Users\gaint\OneDrive\Desktop\Codes\JAVA\ExpenseManager\backend\ExpenseManager\target\classes\com\zidioDev\ExpenseManager\controller\ApprovalController.class]: Unsatisfied dependency expressed through constructor parameter 0: Error creating bean with name 'approvalServiceImpl' defined in file [C:\Users\gaint\OneDrive\Desktop\Codes\JAVA\ExpenseManager\backend\ExpenseManager\target\classes\com\zidioDev\ExpenseManager\service\impl\ApprovalServiceImpl.class]: Unsatisfied dependency expressed through constructor parameter 2: Error creating bean with name 'notificationServiceImpl' defined in file [C:\Users\gaint\OneDrive\Desktop\Codes\JAVA\ExpenseManager\backend\ExpenseManager\target\classes\com\zidioDev\ExpenseManager\service\impl\NotificationServiceImpl.class]: Unsatisfied dependency expressed through constructor parameter 1: Error creating bean with name 'notificationRepository' defined in com.zidioDev.ExpenseManager.repository.NotificationRepository defined in @EnableJpaRepositories declared on JpaRepositoriesRegistrar.EnableJpaRepositoriesConfiguration: Could not create query for public abstract void com.zidioDev.ExpenseManager.repository.NotificationRepository.markNotificationsAsRead(java.lang.Long); Reason: Validation failed for query for method public abstract void com.zidioDev.ExpenseManager.repository.NotificationRepository.markNotificationsAsRead(java.lang.Long)
2025-03-10 05:16:47,124 INFO o.s.o.j.AbstractEntityManagerFactoryBean [main] Closing JPA EntityManagerFactory for persistence unit 'default'
2025-03-10 05:16:47,125 INFO c.z.h.HikariDataSource [main] HikariPool-1 - Shutdown initiated...
2025-03-10 05:16:47,128 INFO c.z.h.HikariDataSource [main] HikariPool-1 - Shutdown completed.
2025-03-10 05:16:47,131 INFO o.a.j.l.DirectJDKLog [main] Stopping service [Tomcat]
2025-03-10 05:16:47,144 INFO o.s.b.a.l.ConditionEvaluationReportLogger [main] 

Error starting ApplicationContext. To display the condition evaluation report re-run your application with 'debug' enabled.
2025-03-10 05:16:47,163 ERROR o.s.b.SpringApplication [main] Application run failed
org.springframework.beans.factory.UnsatisfiedDependencyException: Error creating bean with name 'approvalController' defined in file [C:\Users\gaint\OneDrive\Desktop\Codes\JAVA\ExpenseManager\backend\ExpenseManager\target\classes\com\zidioDev\ExpenseManager\controller\ApprovalController.class]: Unsatisfied dependency expressed through constructor parameter 0: Error creating bean with name 'approvalServiceImpl' defined in file [C:\Users\gaint\OneDrive\Desktop\Codes\JAVA\ExpenseManager\backend\ExpenseManager\target\classes\com\zidioDev\ExpenseManager\service\impl\ApprovalServiceImpl.class]: Unsatisfied dependency expressed through constructor parameter 2: Error creating bean with name 'notificationServiceImpl' defined in file [C:\Users\gaint\OneDrive\Desktop\Codes\JAVA\ExpenseManager\backend\ExpenseManager\target\classes\com\zidioDev\ExpenseManager\service\impl\NotificationServiceImpl.class]: Unsatisfied dependency expressed through constructor parameter 1: Error creating bean with name 'notificationRepository' defined in com.zidioDev.ExpenseManager.repository.NotificationRepository defined in @EnableJpaRepositories declared on JpaRepositoriesRegistrar.EnableJpaRepositoriesConfiguration: Could not create query for public abstract void com.zidioDev.ExpenseManager.repository.NotificationRepository.markNotificationsAsRead(java.lang.Long); Reason: Validation failed for query for method public abstract void com.zidioDev.ExpenseManager.repository.NotificationRepository.markNotificationsAsRead(java.lang.Long)
	at org.springframework.beans.factory.support.ConstructorResolver.createArgumentArray(ConstructorResolver.java:798)
	at org.springframework.beans.factory.support.ConstructorResolver.autowireConstructor(ConstructorResolver.java:237)
	at org.springframework.beans.factory.support.AbstractAutowireCapableBeanFactory.autowireConstructor(AbstractAutowireCapableBeanFactory.java:1355)
	at org.springframework.beans.factory.support.AbstractAutowireCapableBeanFactory.createBeanInstance(AbstractAutowireCapableBeanFactory.java:1192)
	at org.springframework.beans.factory.support.AbstractAutowireCapableBeanFactory.doCreateBean(AbstractAutowireCapableBeanFactory.java:562)
	at org.springframework.beans.factory.support.AbstractAutowireCapableBeanFactory.createBean(AbstractAutowireCapableBeanFactory.java:522)
	at org.springframework.beans.factory.support.AbstractBeanFactory.lambda$doGetBean$0(AbstractBeanFactory.java:325)
	at org.springframework.beans.factory.support.DefaultSingletonBeanRegistry.getSingleton(DefaultSingletonBeanRegistry.java:234)
	at org.springframework.beans.factory.support.AbstractBeanFactory.doGetBean(AbstractBeanFactory.java:323)
	at org.springframework.beans.factory.support.AbstractBeanFactory.getBean(AbstractBeanFactory.java:199)
	at org.springframework.beans.factory.support.DefaultListableBeanFactory.preInstantiateSingletons(DefaultListableBeanFactory.java:975)
	at org.springframework.context.support.AbstractApplicationContext.finishBeanFactoryInitialization(AbstractApplicationContext.java:959)
	at org.springframework.context.support.AbstractApplicationContext.refresh(AbstractApplicationContext.java:624)
	at org.springframework.boot.web.servlet.context.ServletWebServerApplicationContext.refresh(ServletWebServerApplicationContext.java:146)
	at org.springframework.boot.SpringApplication.refresh(SpringApplication.java:754)
	at org.springframework.boot.SpringApplication.refreshContext(SpringApplication.java:456)
	at org.springframework.boot.SpringApplication.run(SpringApplication.java:334)
	at org.springframework.boot.SpringApplication.run(SpringApplication.java:1354)
	at org.springframework.boot.SpringApplication.run(SpringApplication.java:1343)
	at com.zidioDev.ExpenseManager.ExpenseManagerApplication.main(ExpenseManagerApplication.java:10)
Caused by: org.springframework.beans.factory.UnsatisfiedDependencyException: Error creating bean with name 'approvalServiceImpl' defined in file [C:\Users\gaint\OneDrive\Desktop\Codes\JAVA\ExpenseManager\backend\ExpenseManager\target\classes\com\zidioDev\ExpenseManager\service\impl\ApprovalServiceImpl.class]: Unsatisfied dependency expressed through constructor parameter 2: Error creating bean with name 'notificationServiceImpl' defined in file [C:\Users\gaint\OneDrive\Desktop\Codes\JAVA\ExpenseManager\backend\ExpenseManager\target\classes\com\zidioDev\ExpenseManager\service\impl\NotificationServiceImpl.class]: Unsatisfied dependency expressed through constructor parameter 1: Error creating bean with name 'notificationRepository' defined in com.zidioDev.ExpenseManager.repository.NotificationRepository defined in @EnableJpaRepositories declared on JpaRepositoriesRegistrar.EnableJpaRepositoriesConfiguration: Could not create query for public abstract void com.zidioDev.ExpenseManager.repository.NotificationRepository.markNotificationsAsRead(java.lang.Long); Reason: Validation failed for query for method public abstract void com.zidioDev.ExpenseManager.repository.NotificationRepository.markNotificationsAsRead(java.lang.Long)
	at org.springframework.beans.factory.support.ConstructorResolver.createArgumentArray(ConstructorResolver.java:798)
	at org.springframework.beans.factory.support.ConstructorResolver.autowireConstructor(ConstructorResolver.java:237)
	at org.springframework.beans.factory.support.AbstractAutowireCapableBeanFactory.autowireConstructor(AbstractAutowireCapableBeanFactory.java:1355)
	at org.springframework.beans.factory.support.AbstractAutowireCapableBeanFactory.createBeanInstance(AbstractAutowireCapableBeanFactory.java:1192)
	at org.springframework.beans.factory.support.AbstractAutowireCapableBeanFactory.doCreateBean(AbstractAutowireCapableBeanFactory.java:562)
	at org.springframework.beans.factory.support.AbstractAutowireCapableBeanFactory.createBean(AbstractAutowireCapableBeanFactory.java:522)
	at org.springframework.beans.factory.support.AbstractBeanFactory.lambda$doGetBean$0(AbstractBeanFactory.java:325)
	at org.springframework.beans.factory.support.DefaultSingletonBeanRegistry.getSingleton(DefaultSingletonBeanRegistry.java:234)
	at org.springframework.beans.factory.support.AbstractBeanFactory.doGetBean(AbstractBeanFactory.java:323)
	at org.springframework.beans.factory.support.AbstractBeanFactory.getBean(AbstractBeanFactory.java:199)
	at org.springframework.beans.factory.config.DependencyDescriptor.resolveCandidate(DependencyDescriptor.java:254)
	at org.springframework.beans.factory.support.DefaultListableBeanFactory.doResolveDependency(DefaultListableBeanFactory.java:1443)
	at org.springframework.beans.factory.support.DefaultListableBeanFactory.resolveDependency(DefaultListableBeanFactory.java:1353)
	at org.springframework.beans.factory.support.ConstructorResolver.resolveAutowiredArgument(ConstructorResolver.java:907)
	at org.springframework.beans.factory.support.ConstructorResolver.createArgumentArray(ConstructorResolver.java:785)
	... 19 common frames omitted
Caused by: org.springframework.beans.factory.UnsatisfiedDependencyException: Error creating bean with name 'notificationServiceImpl' defined in file [C:\Users\gaint\OneDrive\Desktop\Codes\JAVA\ExpenseManager\backend\ExpenseManager\target\classes\com\zidioDev\ExpenseManager\service\impl\NotificationServiceImpl.class]: Unsatisfied dependency expressed through constructor parameter 1: Error creating bean with name 'notificationRepository' defined in com.zidioDev.ExpenseManager.repository.NotificationRepository defined in @EnableJpaRepositories declared on JpaRepositoriesRegistrar.EnableJpaRepositoriesConfiguration: Could not create query for public abstract void com.zidioDev.ExpenseManager.repository.NotificationRepository.markNotificationsAsRead(java.lang.Long); Reason: Validation failed for query for method public abstract void com.zidioDev.ExpenseManager.repository.NotificationRepository.markNotificationsAsRead(java.lang.Long)
	at org.springframework.beans.factory.support.ConstructorResolver.createArgumentArray(ConstructorResolver.java:798)
	at org.springframework.beans.factory.support.ConstructorResolver.autowireConstructor(ConstructorResolver.java:237)
	at org.springframework.beans.factory.support.AbstractAutowireCapableBeanFactory.autowireConstructor(AbstractAutowireCapableBeanFactory.java:1355)
	at org.springframework.beans.factory.support.AbstractAutowireCapableBeanFactory.createBeanInstance(AbstractAutowireCapableBeanFactory.java:1192)
	at org.springframework.beans.factory.support.AbstractAutowireCapableBeanFactory.doCreateBean(AbstractAutowireCapableBeanFactory.java:562)
	at org.springframework.beans.factory.support.AbstractAutowireCapableBeanFactory.createBean(AbstractAutowireCapableBeanFactory.java:522)
	at org.springframework.beans.factory.support.AbstractBeanFactory.lambda$doGetBean$0(AbstractBeanFactory.java:325)
	at org.springframework.beans.factory.support.DefaultSingletonBeanRegistry.getSingleton(DefaultSingletonBeanRegistry.java:234)
	at org.springframework.beans.factory.support.AbstractBeanFactory.doGetBean(AbstractBeanFactory.java:323)
	at org.springframework.beans.factory.support.AbstractBeanFactory.getBean(AbstractBeanFactory.java:199)
	at org.springframework.beans.factory.config.DependencyDescriptor.resolveCandidate(DependencyDescriptor.java:254)
	at org.springframework.beans.factory.support.DefaultListableBeanFactory.doResolveDependency(DefaultListableBeanFactory.java:1443)
	at org.springframework.beans.factory.support.DefaultListableBeanFactory.resolveDependency(DefaultListableBeanFactory.java:1353)
	at org.springframework.beans.factory.support.ConstructorResolver.resolveAutowiredArgument(ConstructorResolver.java:907)
	at org.springframework.beans.factory.support.ConstructorResolver.createArgumentArray(ConstructorResolver.java:785)
	... 33 common frames omitted
Caused by: org.springframework.beans.factory.BeanCreationException: Error creating bean with name 'notificationRepository' defined in com.zidioDev.ExpenseManager.repository.NotificationRepository defined in @EnableJpaRepositories declared on JpaRepositoriesRegistrar.EnableJpaRepositoriesConfiguration: Could not create query for public abstract void com.zidioDev.ExpenseManager.repository.NotificationRepository.markNotificationsAsRead(java.lang.Long); Reason: Validation failed for query for method public abstract void com.zidioDev.ExpenseManager.repository.NotificationRepository.markNotificationsAsRead(java.lang.Long)
	at org.springframework.beans.factory.support.AbstractAutowireCapableBeanFactory.initializeBean(AbstractAutowireCapableBeanFactory.java:1786)
	at org.springframework.beans.factory.support.AbstractAutowireCapableBeanFactory.doCreateBean(AbstractAutowireCapableBeanFactory.java:600)
	at org.springframework.beans.factory.support.AbstractAutowireCapableBeanFactory.createBean(AbstractAutowireCapableBeanFactory.java:522)
	at org.springframework.beans.factory.support.AbstractBeanFactory.lambda$doGetBean$0(AbstractBeanFactory.java:325)
	at org.springframework.beans.factory.support.DefaultSingletonBeanRegistry.getSingleton(DefaultSingletonBeanRegistry.java:234)
	at org.springframework.beans.factory.support.AbstractBeanFactory.doGetBean(AbstractBeanFactory.java:323)
	at org.springframework.beans.factory.support.AbstractBeanFactory.getBean(AbstractBeanFactory.java:199)
	at org.springframework.beans.factory.config.DependencyDescriptor.resolveCandidate(DependencyDescriptor.java:254)
	at org.springframework.beans.factory.support.DefaultListableBeanFactory.doResolveDependency(DefaultListableBeanFactory.java:1443)
	at org.springframework.beans.factory.support.DefaultListableBeanFactory.resolveDependency(DefaultListableBeanFactory.java:1353)
	at org.springframework.beans.factory.support.ConstructorResolver.resolveAutowiredArgument(ConstructorResolver.java:907)
	at org.springframework.beans.factory.support.ConstructorResolver.createArgumentArray(ConstructorResolver.java:785)
	... 47 common frames omitted
Caused by: org.springframework.data.repository.query.QueryCreationException: Could not create query for public abstract void com.zidioDev.ExpenseManager.repository.NotificationRepository.markNotificationsAsRead(java.lang.Long); Reason: Validation failed for query for method public abstract void com.zidioDev.ExpenseManager.repository.NotificationRepository.markNotificationsAsRead(java.lang.Long)
	at org.springframework.data.repository.query.QueryCreationException.create(QueryCreationException.java:101)
	at org.springframework.data.repository.core.support.QueryExecutorMethodInterceptor.lookupQuery(QueryExecutorMethodInterceptor.java:115)
	at org.springframework.data.repository.core.support.QueryExecutorMethodInterceptor.mapMethodsToQuery(QueryExecutorMethodInterceptor.java:99)
	at org.springframework.data.repository.core.support.QueryExecutorMethodInterceptor.lambda$new$0(QueryExecutorMethodInterceptor.java:88)
	at java.base/java.util.Optional.map(Optional.java:260)
	at org.springframework.data.repository.core.support.QueryExecutorMethodInterceptor.<init>(QueryExecutorMethodInterceptor.java:88)
	at org.springframework.data.repository.core.support.RepositoryFactorySupport.getRepository(RepositoryFactorySupport.java:357)
	at org.springframework.data.repository.core.support.RepositoryFactoryBeanSupport.lambda$afterPropertiesSet$5(RepositoryFactoryBeanSupport.java:279)
	at org.springframework.data.util.Lazy.getNullable(Lazy.java:135)
	at org.springframework.data.util.Lazy.get(Lazy.java:113)
	at org.springframework.data.repository.core.support.RepositoryFactoryBeanSupport.afterPropertiesSet(RepositoryFactoryBeanSupport.java:285)
	at org.springframework.data.jpa.repository.support.JpaRepositoryFactoryBean.afterPropertiesSet(JpaRepositoryFactoryBean.java:132)
	at org.springframework.beans.factory.support.AbstractAutowireCapableBeanFactory.invokeInitMethods(AbstractAutowireCapableBeanFactory.java:1833)
	at org.springframework.beans.factory.support.AbstractAutowireCapableBeanFactory.initializeBean(AbstractAutowireCapableBeanFactory.java:1782)
	... 58 common frames omitted
Caused by: java.lang.IllegalArgumentException: Validation failed for query for method public abstract void com.zidioDev.ExpenseManager.repository.NotificationRepository.markNotificationsAsRead(java.lang.Long)
	at org.springframework.data.jpa.repository.query.SimpleJpaQuery.validateQuery(SimpleJpaQuery.java:100)
	at org.springframework.data.jpa.repository.query.SimpleJpaQuery.<init>(SimpleJpaQuery.java:70)
	at org.springframework.data.jpa.repository.query.JpaQueryFactory.fromMethodWithQueryString(JpaQueryFactory.java:60)
	at org.springframework.data.jpa.repository.query.JpaQueryLookupStrategy$DeclaredQueryLookupStrategy.resolveQuery(JpaQueryLookupStrategy.java:170)
	at org.springframework.data.jpa.repository.query.JpaQueryLookupStrategy$CreateIfNotFoundQueryLookupStrategy.resolveQuery(JpaQueryLookupStrategy.java:252)
	at org.springframework.data.jpa.repository.query.JpaQueryLookupStrategy$AbstractQueryLookupStrategy.resolveQuery(JpaQueryLookupStrategy.java:95)
	at org.springframework.data.repository.core.support.QueryExecutorMethodInterceptor.lookupQuery(QueryExecutorMethodInterceptor.java:111)
	... 70 common frames omitted
Caused by: java.lang.IllegalArgumentException: org.hibernate.query.sqm.UnknownPathException: Could not resolve attribute 'seen' of 'com.zidioDev.ExpenseManager.model.Notification' [UPDATE Notification n SET n.seen = TRUE WHERE n.userId = :userId]
	at org.hibernate.internal.ExceptionConverterImpl.convert(ExceptionConverterImpl.java:143)
	at org.hibernate.internal.ExceptionConverterImpl.convert(ExceptionConverterImpl.java:167)
	at org.hibernate.internal.ExceptionConverterImpl.convert(ExceptionConverterImpl.java:173)
	at org.hibernate.internal.AbstractSharedSessionContract.createQuery(AbstractSharedSessionContract.java:848)
	at org.hibernate.internal.AbstractSharedSessionContract.createQuery(AbstractSharedSessionContract.java:753)
	at org.hibernate.internal.AbstractSharedSessionContract.createQuery(AbstractSharedSessionContract.java:136)
	at java.base/jdk.internal.reflect.DirectMethodHandleAccessor.invoke(DirectMethodHandleAccessor.java:103)
	at java.base/java.lang.reflect.Method.invoke(Method.java:580)
	at org.springframework.orm.jpa.ExtendedEntityManagerCreator$ExtendedEntityManagerInvocationHandler.invoke(ExtendedEntityManagerCreator.java:364)
	at jdk.proxy2/jdk.proxy2.$Proxy153.createQuery(Unknown Source)
	at org.springframework.data.jpa.repository.query.SimpleJpaQuery.validateQuery(SimpleJpaQuery.java:94)
	... 76 common frames omitted
Caused by: org.hibernate.query.sqm.UnknownPathException: Could not resolve attribute 'seen' of 'com.zidioDev.ExpenseManager.model.Notification' [UPDATE Notification n SET n.seen = TRUE WHERE n.userId = :userId]
	at org.hibernate.query.hql.internal.StandardHqlTranslator.translate(StandardHqlTranslator.java:87)
	at org.hibernate.query.internal.QueryInterpretationCacheStandardImpl.createHqlInterpretation(QueryInterpretationCacheStandardImpl.java:165)
	at org.hibernate.query.internal.QueryInterpretationCacheStandardImpl.resolveHqlInterpretation(QueryInterpretationCacheStandardImpl.java:147)
	at org.hibernate.internal.AbstractSharedSessionContract.interpretHql(AbstractSharedSessionContract.java:790)
	at org.hibernate.internal.AbstractSharedSessionContract.createQuery(AbstractSharedSessionContract.java:840)
	... 83 common frames omitted
Caused by: org.hibernate.query.sqm.PathElementException: Could not resolve attribute 'seen' of 'com.zidioDev.ExpenseManager.model.Notification'
	at org.hibernate.query.sqm.SqmPathSource.getSubPathSource(SqmPathSource.java:95)
	at org.hibernate.query.sqm.tree.domain.AbstractSqmPath.get(AbstractSqmPath.java:202)
	at org.hibernate.query.sqm.tree.domain.AbstractSqmFrom.resolvePathPart(AbstractSqmFrom.java:196)
	at org.hibernate.query.hql.internal.DomainPathPart.resolvePathPart(DomainPathPart.java:42)
	at org.hibernate.query.hql.internal.BasicDotIdentifierConsumer.consumeIdentifier(BasicDotIdentifierConsumer.java:91)
	at org.hibernate.query.hql.internal.SemanticQueryBuilder.visitSimplePath(SemanticQueryBuilder.java:5060)
	at org.hibernate.query.hql.internal.SemanticQueryBuilder.visitSimplePath(SemanticQueryBuilder.java:269)
	at org.hibernate.grammars.hql.HqlParser$SimplePathContext.accept(HqlParser.java:4130)
	at org.hibernate.query.hql.internal.SemanticQueryBuilder.consumeDomainPath(SemanticQueryBuilder.java:5307)
	at org.hibernate.query.hql.internal.SemanticQueryBuilder.visitUpdateStatement(SemanticQueryBuilder.java:582)
	at org.hibernate.query.hql.internal.SemanticQueryBuilder.visitStatement(SemanticQueryBuilder.java:410)
	at org.hibernate.query.hql.internal.SemanticQueryBuilder.buildSemanticModel(SemanticQueryBuilder.java:311)
	at org.hibernate.query.hql.internal.StandardHqlTranslator.translate(StandardHqlTranslator.java:71)
	... 87 common frames omitted
2025-03-10 05:17:50,224 INFO o.h.v.i.u.Version [background-preinit] HV000001: Hibernate Validator 8.0.1.Final
2025-03-10 05:17:50,281 INFO o.s.b.StartupInfoLogger [main] Starting ExpenseManagerApplication using Java 21.0.5 with PID 18124 (C:\Users\gaint\OneDrive\Desktop\Codes\JAVA\ExpenseManager\backend\ExpenseManager\target\classes started by JARVIS in C:\Users\gaint\OneDrive\Desktop\Codes\JAVA\ExpenseManager\backend\ExpenseManager)
2025-03-10 05:17:50,287 DEBUG o.s.b.StartupInfoLogger [main] Running with Spring Boot v3.2.3, Spring v6.1.4
2025-03-10 05:17:50,289 INFO o.s.b.SpringApplication [main] The following 1 profile is active: "dev"
2025-03-10 05:17:51,207 INFO o.s.d.r.c.RepositoryConfigurationDelegate [main] Bootstrapping Spring Data JPA repositories in DEFAULT mode.
2025-03-10 05:17:51,277 INFO o.s.d.r.c.RepositoryConfigurationDelegate [main] Finished Spring Data repository scanning in 63 ms. Found 5 JPA repository interfaces.
2025-03-10 05:17:51,825 INFO o.s.b.w.e.t.TomcatWebServer [main] Tomcat initialized with port 8080 (http)
2025-03-10 05:17:51,837 INFO o.a.j.l.DirectJDKLog [main] Initializing ProtocolHandler ["http-nio-8080"]
2025-03-10 05:17:51,840 INFO o.a.j.l.DirectJDKLog [main] Starting service [Tomcat]
2025-03-10 05:17:51,840 INFO o.a.j.l.DirectJDKLog [main] Starting Servlet engine: [Apache Tomcat/10.1.19]
2025-03-10 05:17:51,897 INFO o.a.j.l.DirectJDKLog [main] Initializing Spring embedded WebApplicationContext
2025-03-10 05:17:51,899 INFO o.s.b.w.s.c.ServletWebServerApplicationContext [main] Root WebApplicationContext: initialization completed in 1555 ms
2025-03-10 05:17:52,012 INFO o.h.j.i.u.LogHelper [main] HHH000204: Processing PersistenceUnitInfo [name: default]
2025-03-10 05:17:52,061 INFO o.h.Version [main] HHH000412: Hibernate ORM core version 6.4.4.Final
2025-03-10 05:17:52,097 INFO o.h.c.i.RegionFactoryInitiator [main] HHH000026: Second-level cache disabled
2025-03-10 05:17:52,299 INFO o.s.o.j.p.SpringPersistenceUnitInfo [main] No LoadTimeWeaver setup: ignoring JPA class transformer
2025-03-10 05:17:52,333 INFO c.z.h.HikariDataSource [main] HikariPool-1 - Starting...
2025-03-10 05:17:52,503 INFO c.z.h.p.HikariPool [main] HikariPool-1 - Added connection org.postgresql.jdbc.PgConnection@553fbe94
2025-03-10 05:17:52,505 INFO c.z.h.HikariDataSource [main] HikariPool-1 - Start completed.
2025-03-10 05:17:52,538 WARN o.h.e.j.d.i.DialectFactoryImpl [main] HHH90000025: PostgreSQLDialect does not need to be specified explicitly using 'hibernate.dialect' (remove the property setting and it will be selected by default)
2025-03-10 05:17:53,678 INFO o.h.e.t.j.p.i.JtaPlatformInitiator [main] HHH000489: No JTA platform available (set 'hibernate.transaction.jta.platform' to enable JTA platform integration)
2025-03-10 05:17:53,833 INFO o.s.o.j.AbstractEntityManagerFactoryBean [main] Initialized JPA EntityManagerFactory for persistence unit 'default'
2025-03-10 05:17:54,096 INFO o.s.d.j.r.q.QueryEnhancerFactory [main] Hibernate is in classpath; If applicable, HQL parser will be used.
2025-03-10 05:17:54,495 DEBUG o.s.w.f.GenericFilterBean [main] Filter 'jwtAuthenticationFilter' configured for use
2025-03-10 05:17:54,690 WARN o.s.c.s.AbstractApplicationContext [main] Exception encountered during context initialization - cancelling refresh attempt: org.springframework.beans.factory.UnsatisfiedDependencyException: Error creating bean with name 'authController' defined in file [C:\Users\gaint\OneDrive\Desktop\Codes\JAVA\ExpenseManager\backend\ExpenseManager\target\classes\com\zidioDev\ExpenseManager\controller\AuthController.class]: Unsatisfied dependency expressed through constructor parameter 0: Error creating bean with name 'authServiceImpl' defined in file [C:\Users\gaint\OneDrive\Desktop\Codes\JAVA\ExpenseManager\backend\ExpenseManager\target\classes\com\zidioDev\ExpenseManager\service\impl\AuthServiceImpl.class]: Unsatisfied dependency expressed through constructor parameter 1: No qualifying bean of type 'org.springframework.security.crypto.password.PasswordEncoder' available: expected at least 1 bean which qualifies as autowire candidate. Dependency annotations: {}
2025-03-10 05:17:54,691 INFO o.s.o.j.AbstractEntityManagerFactoryBean [main] Closing JPA EntityManagerFactory for persistence unit 'default'
2025-03-10 05:17:54,693 INFO c.z.h.HikariDataSource [main] HikariPool-1 - Shutdown initiated...
2025-03-10 05:17:54,696 INFO c.z.h.HikariDataSource [main] HikariPool-1 - Shutdown completed.
2025-03-10 05:17:54,699 INFO o.a.j.l.DirectJDKLog [main] Stopping service [Tomcat]
2025-03-10 05:17:54,710 INFO o.s.b.a.l.ConditionEvaluationReportLogger [main] 

Error starting ApplicationContext. To display the condition evaluation report re-run your application with 'debug' enabled.
2025-03-10 05:17:54,731 ERROR o.s.b.d.LoggingFailureAnalysisReporter [main] 

***************************
APPLICATION FAILED TO START
***************************

Description:

Parameter 1 of constructor in com.zidioDev.ExpenseManager.service.impl.AuthServiceImpl required a bean of type 'org.springframework.security.crypto.password.PasswordEncoder' that could not be found.


Action:

Consider defining a bean of type 'org.springframework.security.crypto.password.PasswordEncoder' in your configuration.

2025-03-10 05:18:39,293 INFO o.h.v.i.u.Version [background-preinit] HV000001: Hibernate Validator 8.0.1.Final
2025-03-10 05:18:39,353 INFO o.s.b.StartupInfoLogger [main] Starting ExpenseManagerApplication using Java 21.0.5 with PID 19788 (C:\Users\gaint\OneDrive\Desktop\Codes\JAVA\ExpenseManager\backend\ExpenseManager\target\classes started by JARVIS in C:\Users\gaint\OneDrive\Desktop\Codes\JAVA\ExpenseManager\backend\ExpenseManager)
2025-03-10 05:18:39,354 DEBUG o.s.b.StartupInfoLogger [main] Running with Spring Boot v3.2.3, Spring v6.1.4
2025-03-10 05:18:39,355 INFO o.s.b.SpringApplication [main] The following 1 profile is active: "dev"
2025-03-10 05:18:40,310 INFO o.s.d.r.c.RepositoryConfigurationDelegate [main] Bootstrapping Spring Data JPA repositories in DEFAULT mode.
2025-03-10 05:18:40,378 INFO o.s.d.r.c.RepositoryConfigurationDelegate [main] Finished Spring Data repository scanning in 61 ms. Found 5 JPA repository interfaces.
2025-03-10 05:18:40,914 INFO o.s.b.w.e.t.TomcatWebServer [main] Tomcat initialized with port 8080 (http)
2025-03-10 05:18:40,927 INFO o.a.j.l.DirectJDKLog [main] Initializing ProtocolHandler ["http-nio-8080"]
2025-03-10 05:18:40,929 INFO o.a.j.l.DirectJDKLog [main] Starting service [Tomcat]
2025-03-10 05:18:40,930 INFO o.a.j.l.DirectJDKLog [main] Starting Servlet engine: [Apache Tomcat/10.1.19]
2025-03-10 05:18:40,997 INFO o.a.j.l.DirectJDKLog [main] Initializing Spring embedded WebApplicationContext
2025-03-10 05:18:40,999 INFO o.s.b.w.s.c.ServletWebServerApplicationContext [main] Root WebApplicationContext: initialization completed in 1593 ms
2025-03-10 05:18:41,119 INFO o.h.j.i.u.LogHelper [main] HHH000204: Processing PersistenceUnitInfo [name: default]
2025-03-10 05:18:41,165 INFO o.h.Version [main] HHH000412: Hibernate ORM core version 6.4.4.Final
2025-03-10 05:18:41,193 INFO o.h.c.i.RegionFactoryInitiator [main] HHH000026: Second-level cache disabled
2025-03-10 05:18:41,394 INFO o.s.o.j.p.SpringPersistenceUnitInfo [main] No LoadTimeWeaver setup: ignoring JPA class transformer
2025-03-10 05:18:41,436 INFO c.z.h.HikariDataSource [main] HikariPool-1 - Starting...
2025-03-10 05:18:41,601 INFO c.z.h.p.HikariPool [main] HikariPool-1 - Added connection org.postgresql.jdbc.PgConnection@d949bc4
2025-03-10 05:18:41,603 INFO c.z.h.HikariDataSource [main] HikariPool-1 - Start completed.
2025-03-10 05:18:41,633 WARN o.h.e.j.d.i.DialectFactoryImpl [main] HHH90000025: PostgreSQLDialect does not need to be specified explicitly using 'hibernate.dialect' (remove the property setting and it will be selected by default)
2025-03-10 05:18:42,731 INFO o.h.e.t.j.p.i.JtaPlatformInitiator [main] HHH000489: No JTA platform available (set 'hibernate.transaction.jta.platform' to enable JTA platform integration)
2025-03-10 05:18:42,887 INFO o.s.o.j.AbstractEntityManagerFactoryBean [main] Initialized JPA EntityManagerFactory for persistence unit 'default'
2025-03-10 05:18:43,155 INFO o.s.d.j.r.q.QueryEnhancerFactory [main] Hibernate is in classpath; If applicable, HQL parser will be used.
2025-03-10 05:18:43,559 DEBUG o.s.w.f.GenericFilterBean [main] Filter 'jwtAuthenticationFilter' configured for use
2025-03-10 05:18:43,932 WARN o.s.b.a.o.j.JpaBaseConfiguration$JpaWebConfiguration [main] spring.jpa.open-in-view is enabled by default. Therefore, database queries may be performed during view rendering. Explicitly configure spring.jpa.open-in-view to disable this warning
2025-03-10 05:18:44,219 INFO o.s.s.w.DefaultSecurityFilterChain [main] Will secure any request with [org.springframework.security.web.session.DisableEncodeUrlFilter@1380a19b, org.springframework.security.web.context.request.async.WebAsyncManagerIntegrationFilter@49fb77d0, org.springframework.security.web.context.SecurityContextHolderFilter@61c8139a, org.springframework.security.web.header.HeaderWriterFilter@6662af0a, org.springframework.web.filter.CorsFilter@321d39cc, org.springframework.security.web.authentication.logout.LogoutFilter@5d55eb7a, com.zidioDev.ExpenseManager.config.JwtAuthenticationFilter@28fdce67, org.springframework.security.web.savedrequest.RequestCacheAwareFilter@4796ae58, org.springframework.security.web.servletapi.SecurityContextHolderAwareRequestFilter@7d24def, org.springframework.security.web.authentication.AnonymousAuthenticationFilter@2bfe9344, org.springframework.security.web.session.SessionManagementFilter@218289de, org.springframework.security.web.access.ExceptionTranslationFilter@4c006046, org.springframework.security.web.access.intercept.AuthorizationFilter@228f15de]
2025-03-10 05:18:44,714 INFO o.a.j.l.DirectJDKLog [main] Starting ProtocolHandler ["http-nio-8080"]
2025-03-10 05:18:44,731 INFO o.s.b.w.e.t.TomcatWebServer [main] Tomcat started on port 8080 (http) with context path '/api'
2025-03-10 05:18:44,733 INFO o.s.c.l.CompositeLog [main] Starting...
2025-03-10 05:18:44,734 INFO o.s.c.l.CompositeLog [main] BrokerAvailabilityEvent[available=true, SimpleBrokerMessageHandler [org.springframework.messaging.simp.broker.DefaultSubscriptionRegistry@1bf64e55]]
2025-03-10 05:18:44,735 INFO o.s.c.l.CompositeLog [main] Started.
2025-03-10 05:18:44,742 INFO o.s.b.StartupInfoLogger [main] Started ExpenseManagerApplication in 6.106 seconds (process running for 6.455)
2025-03-10 05:19:44,715 INFO o.s.w.s.c.WebSocketMessageBrokerStats [MessageBroker-1] WebSocketSession[0 current WS(0)-HttpStream(0)-HttpPoll(0), 0 total, 0 closed abnormally (0 connect failure, 0 send limit, 0 transport error)], stompSubProtocol[processed CONNECT(0)-CONNECTED(0)-DISCONNECT(0)], stompBrokerRelay[null], inboundChannel[pool size = 0, active threads = 0, queued tasks = 0, completed tasks = 0], outboundChannel[pool size = 0, active threads = 0, queued tasks = 0, completed tasks = 0], sockJsScheduler[pool size = 1, active threads = 1, queued tasks = 0, completed tasks = 0]
2025-03-10 05:20:32,980 INFO o.s.c.l.CompositeLog [SpringApplicationShutdownHook] Stopping...
2025-03-10 05:20:32,980 INFO o.s.c.l.CompositeLog [SpringApplicationShutdownHook] BrokerAvailabilityEvent[available=false, SimpleBrokerMessageHandler [org.springframework.messaging.simp.broker.DefaultSubscriptionRegistry@1bf64e55]]
2025-03-10 05:20:32,983 INFO o.s.c.l.CompositeLog [SpringApplicationShutdownHook] Stopped.
2025-03-10 05:20:32,992 INFO o.s.o.j.AbstractEntityManagerFactoryBean [SpringApplicationShutdownHook] Closing JPA EntityManagerFactory for persistence unit 'default'
2025-03-10 05:20:32,994 INFO c.z.h.HikariDataSource [SpringApplicationShutdownHook] HikariPool-1 - Shutdown initiated...
2025-03-10 05:20:32,997 INFO c.z.h.HikariDataSource [SpringApplicationShutdownHook] HikariPool-1 - Shutdown completed.
2025-03-10 05:31:17,513 INFO o.h.v.i.u.Version [background-preinit] HV000001: Hibernate Validator 8.0.1.Final
2025-03-10 05:31:17,560 INFO o.s.b.StartupInfoLogger [main] Starting ExpenseManagerApplication using Java 21.0.5 with PID 23892 (C:\Users\gaint\OneDrive\Desktop\Codes\JAVA\ExpenseManager\backend\ExpenseManager\target\classes started by JARVIS in C:\Users\gaint\OneDrive\Desktop\Codes\JAVA\ExpenseManager\backend\ExpenseManager)
2025-03-10 05:31:17,561 DEBUG o.s.b.StartupInfoLogger [main] Running with Spring Boot v3.2.3, Spring v6.1.4
2025-03-10 05:31:17,562 INFO o.s.b.SpringApplication [main] The following 1 profile is active: "dev"
2025-03-10 05:31:18,471 INFO o.s.d.r.c.RepositoryConfigurationDelegate [main] Bootstrapping Spring Data JPA repositories in DEFAULT mode.
2025-03-10 05:31:18,539 INFO o.s.d.r.c.RepositoryConfigurationDelegate [main] Finished Spring Data repository scanning in 62 ms. Found 5 JPA repository interfaces.
2025-03-10 05:31:19,216 INFO o.s.b.w.e.t.TomcatWebServer [main] Tomcat initialized with port 8080 (http)
2025-03-10 05:31:19,228 INFO o.a.j.l.DirectJDKLog [main] Initializing ProtocolHandler ["http-nio-8080"]
2025-03-10 05:31:19,231 INFO o.a.j.l.DirectJDKLog [main] Starting service [Tomcat]
2025-03-10 05:31:19,231 INFO o.a.j.l.DirectJDKLog [main] Starting Servlet engine: [Apache Tomcat/10.1.19]
2025-03-10 05:31:19,311 INFO o.a.j.l.DirectJDKLog [main] Initializing Spring embedded WebApplicationContext
2025-03-10 05:31:19,313 INFO o.s.b.w.s.c.ServletWebServerApplicationContext [main] Root WebApplicationContext: initialization completed in 1709 ms
2025-03-10 05:31:19,455 INFO o.h.j.i.u.LogHelper [main] HHH000204: Processing PersistenceUnitInfo [name: default]
2025-03-10 05:31:19,512 INFO o.h.Version [main] HHH000412: Hibernate ORM core version 6.4.4.Final
2025-03-10 05:31:19,547 INFO o.h.c.i.RegionFactoryInitiator [main] HHH000026: Second-level cache disabled
2025-03-10 05:31:19,792 INFO o.s.o.j.p.SpringPersistenceUnitInfo [main] No LoadTimeWeaver setup: ignoring JPA class transformer
2025-03-10 05:31:19,822 INFO c.z.h.HikariDataSource [main] HikariPool-1 - Starting...
2025-03-10 05:31:19,991 INFO c.z.h.p.HikariPool [main] HikariPool-1 - Added connection org.postgresql.jdbc.PgConnection@35b3c1f6
2025-03-10 05:31:19,993 INFO c.z.h.HikariDataSource [main] HikariPool-1 - Start completed.
2025-03-10 05:31:20,027 WARN o.h.e.j.d.i.DialectFactoryImpl [main] HHH90000025: PostgreSQLDialect does not need to be specified explicitly using 'hibernate.dialect' (remove the property setting and it will be selected by default)
2025-03-10 05:31:21,196 INFO o.h.e.t.j.p.i.JtaPlatformInitiator [main] HHH000489: No JTA platform available (set 'hibernate.transaction.jta.platform' to enable JTA platform integration)
2025-03-10 05:31:21,347 INFO o.s.o.j.AbstractEntityManagerFactoryBean [main] Initialized JPA EntityManagerFactory for persistence unit 'default'
2025-03-10 05:31:21,650 INFO o.s.d.j.r.q.QueryEnhancerFactory [main] Hibernate is in classpath; If applicable, HQL parser will be used.
2025-03-10 05:31:22,138 DEBUG o.s.w.f.GenericFilterBean [main] Filter 'jwtAuthenticationFilter' configured for use
2025-03-10 05:31:22,648 WARN o.s.b.a.o.j.JpaBaseConfiguration$JpaWebConfiguration [main] spring.jpa.open-in-view is enabled by default. Therefore, database queries may be performed during view rendering. Explicitly configure spring.jpa.open-in-view to disable this warning
2025-03-10 05:31:22,994 INFO o.s.s.w.DefaultSecurityFilterChain [main] Will secure any request with [org.springframework.security.web.session.DisableEncodeUrlFilter@225fc6a2, org.springframework.security.web.context.request.async.WebAsyncManagerIntegrationFilter@7940d27b, org.springframework.security.web.context.SecurityContextHolderFilter@38f0de07, org.springframework.security.web.header.HeaderWriterFilter@79228440, org.springframework.web.filter.CorsFilter@19e3ce9a, org.springframework.security.web.authentication.logout.LogoutFilter@62a9c857, com.zidioDev.ExpenseManager.config.JwtAuthenticationFilter@5e59844f, org.springframework.security.web.savedrequest.RequestCacheAwareFilter@33742179, org.springframework.security.web.servletapi.SecurityContextHolderAwareRequestFilter@6ca1c156, org.springframework.security.web.authentication.AnonymousAuthenticationFilter@4cd3e2f3, org.springframework.security.web.session.SessionManagementFilter@14c5d220, org.springframework.security.web.access.ExceptionTranslationFilter@463a0302, org.springframework.security.web.access.intercept.AuthorizationFilter@4ce2f4d6]
2025-03-10 05:31:23,534 INFO o.a.j.l.DirectJDKLog [main] Starting ProtocolHandler ["http-nio-8080"]
2025-03-10 05:31:23,552 INFO o.s.b.w.e.t.TomcatWebServer [main] Tomcat started on port 8080 (http) with context path '/api'
2025-03-10 05:31:23,554 INFO o.s.c.l.CompositeLog [main] Starting...
2025-03-10 05:31:23,556 INFO o.s.c.l.CompositeLog [main] BrokerAvailabilityEvent[available=true, SimpleBrokerMessageHandler [org.springframework.messaging.simp.broker.DefaultSubscriptionRegistry@b359d2d]]
2025-03-10 05:31:23,556 INFO o.s.c.l.CompositeLog [main] Started.
2025-03-10 05:31:23,564 INFO o.s.b.StartupInfoLogger [main] Started ExpenseManagerApplication in 6.621 seconds (process running for 6.984)
2025-03-10 05:32:23,542 INFO o.s.w.s.c.WebSocketMessageBrokerStats [MessageBroker-1] WebSocketSession[0 current WS(0)-HttpStream(0)-HttpPoll(0), 0 total, 0 closed abnormally (0 connect failure, 0 send limit, 0 transport error)], stompSubProtocol[processed CONNECT(0)-CONNECTED(0)-DISCONNECT(0)], stompBrokerRelay[null], inboundChannel[pool size = 0, active threads = 0, queued tasks = 0, completed tasks = 0], outboundChannel[pool size = 0, active threads = 0, queued tasks = 0, completed tasks = 0], sockJsScheduler[pool size = 1, active threads = 1, queued tasks = 0, completed tasks = 0]
2025-03-10 05:35:10,465 INFO o.s.c.l.CompositeLog [SpringApplicationShutdownHook] Stopping...
2025-03-10 05:35:10,466 INFO o.s.c.l.CompositeLog [SpringApplicationShutdownHook] BrokerAvailabilityEvent[available=false, SimpleBrokerMessageHandler [org.springframework.messaging.simp.broker.DefaultSubscriptionRegistry@b359d2d]]
2025-03-10 05:35:10,466 INFO o.s.c.l.CompositeLog [SpringApplicationShutdownHook] Stopped.
2025-03-10 05:35:10,475 INFO o.s.o.j.AbstractEntityManagerFactoryBean [SpringApplicationShutdownHook] Closing JPA EntityManagerFactory for persistence unit 'default'
2025-03-10 05:35:10,478 INFO c.z.h.HikariDataSource [SpringApplicationShutdownHook] HikariPool-1 - Shutdown initiated...
2025-03-10 05:35:10,481 INFO c.z.h.HikariDataSource [SpringApplicationShutdownHook] HikariPool-1 - Shutdown completed.
2025-03-10 05:42:06,993 INFO o.h.v.i.u.Version [background-preinit] HV000001: Hibernate Validator 8.0.1.Final
2025-03-10 05:42:07,038 INFO o.s.b.StartupInfoLogger [main] Starting ExpenseManagerApplication using Java 21.0.5 with PID 2096 (C:\Users\gaint\OneDrive\Desktop\Codes\JAVA\ExpenseManager\backend\ExpenseManager\target\classes started by JARVIS in C:\Users\gaint\OneDrive\Desktop\Codes\JAVA\ExpenseManager\backend\ExpenseManager)
2025-03-10 05:42:07,038 DEBUG o.s.b.StartupInfoLogger [main] Running with Spring Boot v3.2.3, Spring v6.1.4
2025-03-10 05:42:07,039 INFO o.s.b.SpringApplication [main] The following 1 profile is active: "dev"
2025-03-10 05:42:07,945 INFO o.s.d.r.c.RepositoryConfigurationDelegate [main] Bootstrapping Spring Data JPA repositories in DEFAULT mode.
2025-03-10 05:42:08,022 INFO o.s.d.r.c.RepositoryConfigurationDelegate [main] Finished Spring Data repository scanning in 69 ms. Found 5 JPA repository interfaces.
2025-03-10 05:42:08,659 INFO o.s.b.w.e.t.TomcatWebServer [main] Tomcat initialized with port 8080 (http)
2025-03-10 05:42:08,669 INFO o.a.j.l.DirectJDKLog [main] Initializing ProtocolHandler ["http-nio-8080"]
2025-03-10 05:42:08,672 INFO o.a.j.l.DirectJDKLog [main] Starting service [Tomcat]
2025-03-10 05:42:08,672 INFO o.a.j.l.DirectJDKLog [main] Starting Servlet engine: [Apache Tomcat/10.1.19]
2025-03-10 05:42:08,735 INFO o.a.j.l.DirectJDKLog [main] Initializing Spring embedded WebApplicationContext
2025-03-10 05:42:08,736 INFO o.s.b.w.s.c.ServletWebServerApplicationContext [main] Root WebApplicationContext: initialization completed in 1654 ms
2025-03-10 05:42:08,864 INFO o.h.j.i.u.LogHelper [main] HHH000204: Processing PersistenceUnitInfo [name: default]
2025-03-10 05:42:08,916 INFO o.h.Version [main] HHH000412: Hibernate ORM core version 6.4.4.Final
2025-03-10 05:42:08,953 INFO o.h.c.i.RegionFactoryInitiator [main] HHH000026: Second-level cache disabled
2025-03-10 05:42:09,180 INFO o.s.o.j.p.SpringPersistenceUnitInfo [main] No LoadTimeWeaver setup: ignoring JPA class transformer
2025-03-10 05:42:09,211 INFO c.z.h.HikariDataSource [main] HikariPool-1 - Starting...
2025-03-10 05:42:09,387 INFO c.z.h.p.HikariPool [main] HikariPool-1 - Added connection org.postgresql.jdbc.PgConnection@60194904
2025-03-10 05:42:09,389 INFO c.z.h.HikariDataSource [main] HikariPool-1 - Start completed.
2025-03-10 05:42:09,422 WARN o.h.e.j.d.i.DialectFactoryImpl [main] HHH90000025: PostgreSQLDialect does not need to be specified explicitly using 'hibernate.dialect' (remove the property setting and it will be selected by default)
2025-03-10 05:42:10,561 INFO o.h.e.t.j.p.i.JtaPlatformInitiator [main] HHH000489: No JTA platform available (set 'hibernate.transaction.jta.platform' to enable JTA platform integration)
2025-03-10 05:42:10,714 INFO o.s.o.j.AbstractEntityManagerFactoryBean [main] Initialized JPA EntityManagerFactory for persistence unit 'default'
2025-03-10 05:42:10,990 INFO o.s.d.j.r.q.QueryEnhancerFactory [main] Hibernate is in classpath; If applicable, HQL parser will be used.
2025-03-10 05:42:11,412 DEBUG o.s.w.f.GenericFilterBean [main] Filter 'jwtAuthenticationFilter' configured for use
2025-03-10 05:42:11,874 WARN o.s.b.a.o.j.JpaBaseConfiguration$JpaWebConfiguration [main] spring.jpa.open-in-view is enabled by default. Therefore, database queries may be performed during view rendering. Explicitly configure spring.jpa.open-in-view to disable this warning
2025-03-10 05:42:12,222 INFO o.s.s.w.DefaultSecurityFilterChain [main] Will secure any request with [org.springframework.security.web.session.DisableEncodeUrlFilter@225fc6a2, org.springframework.security.web.context.request.async.WebAsyncManagerIntegrationFilter@7940d27b, org.springframework.security.web.context.SecurityContextHolderFilter@38f0de07, org.springframework.security.web.header.HeaderWriterFilter@79228440, org.springframework.web.filter.CorsFilter@19e3ce9a, org.springframework.security.web.authentication.logout.LogoutFilter@62a9c857, com.zidioDev.ExpenseManager.config.JwtAuthenticationFilter@30130a31, org.springframework.security.web.savedrequest.RequestCacheAwareFilter@33742179, org.springframework.security.web.servletapi.SecurityContextHolderAwareRequestFilter@6ca1c156, org.springframework.security.web.authentication.AnonymousAuthenticationFilter@4cd3e2f3, org.springframework.security.web.session.SessionManagementFilter@14c5d220, org.springframework.security.web.access.ExceptionTranslationFilter@463a0302, org.springframework.security.web.access.intercept.AuthorizationFilter@4ce2f4d6]
2025-03-10 05:42:12,770 INFO o.a.j.l.DirectJDKLog [main] Starting ProtocolHandler ["http-nio-8080"]
2025-03-10 05:42:12,775 WARN o.s.c.s.AbstractApplicationContext [main] Exception encountered during context initialization - cancelling refresh attempt: org.springframework.context.ApplicationContextException: Failed to start bean 'webServerStartStop'
2025-03-10 05:42:12,779 INFO o.s.o.j.AbstractEntityManagerFactoryBean [main] Closing JPA EntityManagerFactory for persistence unit 'default'
2025-03-10 05:42:12,781 INFO c.z.h.HikariDataSource [main] HikariPool-1 - Shutdown initiated...
2025-03-10 05:42:12,785 INFO c.z.h.HikariDataSource [main] HikariPool-1 - Shutdown completed.
2025-03-10 05:42:12,800 INFO o.s.b.a.l.ConditionEvaluationReportLogger [main] 

Error starting ApplicationContext. To display the condition evaluation report re-run your application with 'debug' enabled.
2025-03-10 05:42:12,818 ERROR o.s.b.d.LoggingFailureAnalysisReporter [main] 

***************************
APPLICATION FAILED TO START
***************************

Description:

Web server failed to start. Port 8080 was already in use.

Action:

Identify and stop the process that's listening on port 8080 or configure this application to listen on another port.

2025-03-10 05:42:32,196 INFO o.h.v.i.u.Version [background-preinit] HV000001: Hibernate Validator 8.0.1.Final
2025-03-10 05:42:32,244 INFO o.s.b.StartupInfoLogger [main] Starting ExpenseManagerApplication using Java 21.0.5 with PID 2560 (C:\Users\gaint\OneDrive\Desktop\Codes\JAVA\ExpenseManager\backend\ExpenseManager\target\classes started by JARVIS in C:\Users\gaint\OneDrive\Desktop\Codes\JAVA\ExpenseManager\backend\ExpenseManager)
2025-03-10 05:42:32,245 DEBUG o.s.b.StartupInfoLogger [main] Running with Spring Boot v3.2.3, Spring v6.1.4
2025-03-10 05:42:32,246 INFO o.s.b.SpringApplication [main] The following 1 profile is active: "dev"
2025-03-10 05:42:33,107 INFO o.s.d.r.c.RepositoryConfigurationDelegate [main] Bootstrapping Spring Data JPA repositories in DEFAULT mode.
2025-03-10 05:42:33,181 INFO o.s.d.r.c.RepositoryConfigurationDelegate [main] Finished Spring Data repository scanning in 67 ms. Found 5 JPA repository interfaces.
2025-03-10 05:42:33,789 INFO o.s.b.w.e.t.TomcatWebServer [main] Tomcat initialized with port 8080 (http)
2025-03-10 05:42:33,799 INFO o.a.j.l.DirectJDKLog [main] Initializing ProtocolHandler ["http-nio-8080"]
2025-03-10 05:42:33,801 INFO o.a.j.l.DirectJDKLog [main] Starting service [Tomcat]
2025-03-10 05:42:33,802 INFO o.a.j.l.DirectJDKLog [main] Starting Servlet engine: [Apache Tomcat/10.1.19]
2025-03-10 05:42:33,870 INFO o.a.j.l.DirectJDKLog [main] Initializing Spring embedded WebApplicationContext
2025-03-10 05:42:33,871 INFO o.s.b.w.s.c.ServletWebServerApplicationContext [main] Root WebApplicationContext: initialization completed in 1579 ms
2025-03-10 05:42:34,000 INFO o.h.j.i.u.LogHelper [main] HHH000204: Processing PersistenceUnitInfo [name: default]
2025-03-10 05:42:34,049 INFO o.h.Version [main] HHH000412: Hibernate ORM core version 6.4.4.Final
2025-03-10 05:42:34,082 INFO o.h.c.i.RegionFactoryInitiator [main] HHH000026: Second-level cache disabled
2025-03-10 05:42:34,314 INFO o.s.o.j.p.SpringPersistenceUnitInfo [main] No LoadTimeWeaver setup: ignoring JPA class transformer
2025-03-10 05:42:34,344 INFO c.z.h.HikariDataSource [main] HikariPool-1 - Starting...
2025-03-10 05:42:34,516 INFO c.z.h.p.HikariPool [main] HikariPool-1 - Added connection org.postgresql.jdbc.PgConnection@58bad46f
2025-03-10 05:42:34,519 INFO c.z.h.HikariDataSource [main] HikariPool-1 - Start completed.
2025-03-10 05:42:34,551 WARN o.h.e.j.d.i.DialectFactoryImpl [main] HHH90000025: PostgreSQLDialect does not need to be specified explicitly using 'hibernate.dialect' (remove the property setting and it will be selected by default)
2025-03-10 05:42:35,735 INFO o.h.e.t.j.p.i.JtaPlatformInitiator [main] HHH000489: No JTA platform available (set 'hibernate.transaction.jta.platform' to enable JTA platform integration)
2025-03-10 05:42:35,885 INFO o.s.o.j.AbstractEntityManagerFactoryBean [main] Initialized JPA EntityManagerFactory for persistence unit 'default'
2025-03-10 05:42:36,144 INFO o.s.d.j.r.q.QueryEnhancerFactory [main] Hibernate is in classpath; If applicable, HQL parser will be used.
2025-03-10 05:42:36,570 DEBUG o.s.w.f.GenericFilterBean [main] Filter 'jwtAuthenticationFilter' configured for use
2025-03-10 05:42:37,021 WARN o.s.b.a.o.j.JpaBaseConfiguration$JpaWebConfiguration [main] spring.jpa.open-in-view is enabled by default. Therefore, database queries may be performed during view rendering. Explicitly configure spring.jpa.open-in-view to disable this warning
2025-03-10 05:42:37,342 INFO o.s.s.w.DefaultSecurityFilterChain [main] Will secure any request with [org.springframework.security.web.session.DisableEncodeUrlFilter@6fc98c70, org.springframework.security.web.context.request.async.WebAsyncManagerIntegrationFilter@6859080d, org.springframework.security.web.context.SecurityContextHolderFilter@228ed68c, org.springframework.security.web.header.HeaderWriterFilter@46933c4, org.springframework.web.filter.CorsFilter@3bcebb8f, org.springframework.security.web.authentication.logout.LogoutFilter@644ae4ff, com.zidioDev.ExpenseManager.config.JwtAuthenticationFilter@28cfbcc, org.springframework.security.web.savedrequest.RequestCacheAwareFilter@522a9876, org.springframework.security.web.servletapi.SecurityContextHolderAwareRequestFilter@794ffe22, org.springframework.security.web.authentication.AnonymousAuthenticationFilter@1a9ce44, org.springframework.security.web.session.SessionManagementFilter@33742179, org.springframework.security.web.access.ExceptionTranslationFilter@5bbda8aa, org.springframework.security.web.access.intercept.AuthorizationFilter@19e3ce9a]
2025-03-10 05:42:37,885 INFO o.a.j.l.DirectJDKLog [main] Starting ProtocolHandler ["http-nio-8080"]
2025-03-10 05:42:37,904 INFO o.s.b.w.e.t.TomcatWebServer [main] Tomcat started on port 8080 (http) with context path '/api'
2025-03-10 05:42:37,906 INFO o.s.c.l.CompositeLog [main] Starting...
2025-03-10 05:42:37,908 INFO o.s.c.l.CompositeLog [main] BrokerAvailabilityEvent[available=true, SimpleBrokerMessageHandler [org.springframework.messaging.simp.broker.DefaultSubscriptionRegistry@46262fc3]]
2025-03-10 05:42:37,909 INFO o.s.c.l.CompositeLog [main] Started.
2025-03-10 05:42:37,917 INFO o.s.b.StartupInfoLogger [main] Started ExpenseManagerApplication in 6.329 seconds (process running for 6.681)
2025-03-10 05:43:02,651 INFO o.s.c.l.CompositeLog [SpringApplicationShutdownHook] Stopping...
2025-03-10 05:43:02,651 INFO o.s.c.l.CompositeLog [SpringApplicationShutdownHook] BrokerAvailabilityEvent[available=false, SimpleBrokerMessageHandler [org.springframework.messaging.simp.broker.DefaultSubscriptionRegistry@46262fc3]]
2025-03-10 05:43:02,652 INFO o.s.c.l.CompositeLog [SpringApplicationShutdownHook] Stopped.
2025-03-10 05:43:02,662 INFO o.s.o.j.AbstractEntityManagerFactoryBean [SpringApplicationShutdownHook] Closing JPA EntityManagerFactory for persistence unit 'default'
2025-03-10 05:43:02,664 INFO c.z.h.HikariDataSource [SpringApplicationShutdownHook] HikariPool-1 - Shutdown initiated...
2025-03-10 05:43:02,667 INFO c.z.h.HikariDataSource [SpringApplicationShutdownHook] HikariPool-1 - Shutdown completed.
2025-03-10 05:47:46,498 INFO o.h.v.i.u.Version [background-preinit] HV000001: Hibernate Validator 8.0.1.Final
2025-03-10 05:47:46,534 INFO o.s.b.StartupInfoLogger [main] Starting ExpenseManagerApplication using Java 21.0.5 with PID 20404 (C:\Users\gaint\OneDrive\Desktop\Codes\JAVA\ExpenseManager\backend\ExpenseManager\target\classes started by JARVIS in C:\Users\gaint\OneDrive\Desktop\Codes\JAVA\ExpenseManager\backend\ExpenseManager)
2025-03-10 05:47:46,534 DEBUG o.s.b.StartupInfoLogger [main] Running with Spring Boot v3.2.3, Spring v6.1.4
2025-03-10 05:47:46,535 INFO o.s.b.SpringApplication [main] The following 1 profile is active: "dev"
2025-03-10 05:47:47,475 INFO o.s.d.r.c.RepositoryConfigurationDelegate [main] Bootstrapping Spring Data JPA repositories in DEFAULT mode.
2025-03-10 05:47:47,549 INFO o.s.d.r.c.RepositoryConfigurationDelegate [main] Finished Spring Data repository scanning in 67 ms. Found 5 JPA repository interfaces.
2025-03-10 05:47:48,125 INFO o.s.b.w.e.t.TomcatWebServer [main] Tomcat initialized with port 8080 (http)
2025-03-10 05:47:48,135 INFO o.a.j.l.DirectJDKLog [main] Initializing ProtocolHandler ["http-nio-8080"]
2025-03-10 05:47:48,137 INFO o.a.j.l.DirectJDKLog [main] Starting service [Tomcat]
2025-03-10 05:47:48,138 INFO o.a.j.l.DirectJDKLog [main] Starting Servlet engine: [Apache Tomcat/10.1.19]
2025-03-10 05:47:48,200 INFO o.a.j.l.DirectJDKLog [main] Initializing Spring embedded WebApplicationContext
2025-03-10 05:47:48,201 INFO o.s.b.w.s.c.ServletWebServerApplicationContext [main] Root WebApplicationContext: initialization completed in 1625 ms
2025-03-10 05:47:48,330 INFO o.h.j.i.u.LogHelper [main] HHH000204: Processing PersistenceUnitInfo [name: default]
2025-03-10 05:47:48,378 INFO o.h.Version [main] HHH000412: Hibernate ORM core version 6.4.4.Final
2025-03-10 05:47:48,410 INFO o.h.c.i.RegionFactoryInitiator [main] HHH000026: Second-level cache disabled
2025-03-10 05:47:48,649 INFO o.s.o.j.p.SpringPersistenceUnitInfo [main] No LoadTimeWeaver setup: ignoring JPA class transformer
2025-03-10 05:47:48,674 INFO c.z.h.HikariDataSource [main] HikariPool-1 - Starting...
2025-03-10 05:47:48,839 INFO c.z.h.p.HikariPool [main] HikariPool-1 - Added connection org.postgresql.jdbc.PgConnection@6b751cb1
2025-03-10 05:47:48,841 INFO c.z.h.HikariDataSource [main] HikariPool-1 - Start completed.
2025-03-10 05:47:48,871 WARN o.h.e.j.d.i.DialectFactoryImpl [main] HHH90000025: PostgreSQLDialect does not need to be specified explicitly using 'hibernate.dialect' (remove the property setting and it will be selected by default)
2025-03-10 05:47:50,032 INFO o.h.e.t.j.p.i.JtaPlatformInitiator [main] HHH000489: No JTA platform available (set 'hibernate.transaction.jta.platform' to enable JTA platform integration)
2025-03-10 05:47:50,196 INFO o.s.o.j.AbstractEntityManagerFactoryBean [main] Initialized JPA EntityManagerFactory for persistence unit 'default'
2025-03-10 05:47:50,496 INFO o.s.d.j.r.q.QueryEnhancerFactory [main] Hibernate is in classpath; If applicable, HQL parser will be used.
2025-03-10 05:47:50,886 DEBUG o.s.w.f.GenericFilterBean [main] Filter 'jwtAuthenticationFilter' configured for use
2025-03-10 05:47:51,340 WARN o.s.b.a.o.j.JpaBaseConfiguration$JpaWebConfiguration [main] spring.jpa.open-in-view is enabled by default. Therefore, database queries may be performed during view rendering. Explicitly configure spring.jpa.open-in-view to disable this warning
2025-03-10 05:47:51,487 DEBUG o.s.w.s.h.SimpleUrlHandlerMapping [main] Patterns [/ws/**] in 'stompWebSocketHandlerMapping'
2025-03-10 05:47:51,575 DEBUG o.s.w.s.h.AbstractHandlerMethodMapping [main] 21 mappings in 'requestMappingHandlerMapping'
2025-03-10 05:47:51,621 DEBUG o.s.w.s.h.SimpleUrlHandlerMapping [main] Patterns [/webjars/**, /**, /swagger-ui*/*swagger-initializer.js, /swagger-ui*/**] in 'resourceHandlerMapping'
2025-03-10 05:47:51,676 INFO o.s.s.w.DefaultSecurityFilterChain [main] Will secure any request with [org.springframework.security.web.session.DisableEncodeUrlFilter@6431ab21, org.springframework.security.web.context.request.async.WebAsyncManagerIntegrationFilter@5d8b5cf6, org.springframework.security.web.context.SecurityContextHolderFilter@27211dd9, org.springframework.security.web.header.HeaderWriterFilter@76c1ede3, org.springframework.web.filter.CorsFilter@484313a6, org.springframework.security.web.authentication.logout.LogoutFilter@686a192d, com.zidioDev.ExpenseManager.config.JwtAuthenticationFilter@6b8773c7, org.springframework.security.web.savedrequest.RequestCacheAwareFilter@794a3410, org.springframework.security.web.servletapi.SecurityContextHolderAwareRequestFilter@62a9c857, org.springframework.security.web.authentication.AnonymousAuthenticationFilter@1fb8b89e, org.springframework.security.web.session.SessionManagementFilter@15c25cb6, org.springframework.security.web.access.ExceptionTranslationFilter@71d94ab, org.springframework.security.web.access.intercept.AuthorizationFilter@28023029]
2025-03-10 05:47:51,755 DEBUG o.s.m.h.i.AbstractMethodMessageHandler [main] 
	c.z.E.c.ApprovalController:
	
2025-03-10 05:47:51,756 DEBUG o.s.m.h.i.AbstractMethodMessageHandler [main] 
	c.z.E.c.AuthController:
	
2025-03-10 05:47:51,756 DEBUG o.s.m.h.i.AbstractMethodMessageHandler [main] 
	c.z.E.c.ExpenseController:
	
2025-03-10 05:47:51,757 DEBUG o.s.m.h.i.AbstractMethodMessageHandler [main] 
	c.z.E.c.NotificationController:
	
2025-03-10 05:47:51,758 DEBUG o.s.m.h.i.AbstractMethodMessageHandler [main] 
	c.z.E.c.ReportController:
	
2025-03-10 05:47:51,758 DEBUG o.s.m.h.i.AbstractMethodMessageHandler [main] 
	c.z.E.c.UserController:
	
2025-03-10 05:47:51,759 DEBUG o.s.m.h.i.AbstractMethodMessageHandler [main] 
	o.s.b.a.w.s.e.BasicErrorController:
	
2025-03-10 05:47:51,761 DEBUG o.s.m.h.i.AbstractMethodMessageHandler [main] 
	o.s.w.a.OpenApiWebMvcResource:
	
2025-03-10 05:47:51,761 DEBUG o.s.m.h.i.AbstractMethodMessageHandler [main] 
	o.s.w.u.SwaggerWelcomeWebMvc:
	
2025-03-10 05:47:51,761 DEBUG o.s.m.h.i.AbstractMethodMessageHandler [main] 
	o.s.w.u.SwaggerConfigResource:
	
2025-03-10 05:47:51,851 DEBUG o.s.w.s.m.m.a.RequestMappingHandlerAdapter [main] ControllerAdvice beans: 0 @ModelAttribute, 0 @InitBinder, 1 RequestBodyAdvice, 1 ResponseBodyAdvice
2025-03-10 05:47:51,897 DEBUG o.s.w.s.m.m.a.ExceptionHandlerExceptionResolver [main] ControllerAdvice beans: 2 @ExceptionHandler, 1 ResponseBodyAdvice
2025-03-10 05:47:52,264 INFO o.a.j.l.DirectJDKLog [main] Starting ProtocolHandler ["http-nio-8080"]
2025-03-10 05:47:52,283 INFO o.s.b.w.e.t.TomcatWebServer [main] Tomcat started on port 8080 (http) with context path '/api'
2025-03-10 05:47:52,285 DEBUG o.s.c.l.CompositeLog [main] clientOutboundChannel added SubProtocolWebSocketHandler[StompSubProtocolHandler[v10.stomp, v11.stomp, v12.stomp]]
2025-03-10 05:47:52,286 DEBUG o.s.c.l.CompositeLog [main] clientInboundChannel added WebSocketAnnotationMethodMessageHandler[prefixes=[/app/]]
2025-03-10 05:47:52,286 INFO o.s.c.l.CompositeLog [main] Starting...
2025-03-10 05:47:52,287 DEBUG o.s.c.l.CompositeLog [main] clientInboundChannel added SimpleBrokerMessageHandler [org.springframework.messaging.simp.broker.DefaultSubscriptionRegistry@788b0c96]
2025-03-10 05:47:52,287 DEBUG o.s.c.l.CompositeLog [main] brokerChannel added SimpleBrokerMessageHandler [org.springframework.messaging.simp.broker.DefaultSubscriptionRegistry@788b0c96]
2025-03-10 05:47:52,288 INFO o.s.c.l.CompositeLog [main] BrokerAvailabilityEvent[available=true, SimpleBrokerMessageHandler [org.springframework.messaging.simp.broker.DefaultSubscriptionRegistry@788b0c96]]
2025-03-10 05:47:52,289 INFO o.s.c.l.CompositeLog [main] Started.
2025-03-10 05:47:52,290 DEBUG o.s.c.l.CompositeLog [main] clientInboundChannel added UserDestinationMessageHandler[DefaultUserDestinationResolver[prefix=/user/]]
2025-03-10 05:47:52,290 DEBUG o.s.c.l.CompositeLog [main] brokerChannel added UserDestinationMessageHandler[DefaultUserDestinationResolver[prefix=/user/]]
2025-03-10 05:47:52,298 INFO o.s.b.StartupInfoLogger [main] Started ExpenseManagerApplication in 6.341 seconds (process running for 6.681)
2025-03-10 05:48:04,858 INFO o.a.j.l.DirectJDKLog [http-nio-8080-exec-1] Initializing Spring DispatcherServlet 'dispatcherServlet'
2025-03-10 05:48:04,859 INFO o.s.w.s.FrameworkServlet [http-nio-8080-exec-1] Initializing Servlet 'dispatcherServlet'
2025-03-10 05:48:04,859 DEBUG o.s.w.s.DispatcherServlet [http-nio-8080-exec-1] Detected StandardServletMultipartResolver
2025-03-10 05:48:04,859 DEBUG o.s.w.s.DispatcherServlet [http-nio-8080-exec-1] Detected AcceptHeaderLocaleResolver
2025-03-10 05:48:04,860 DEBUG o.s.w.s.DispatcherServlet [http-nio-8080-exec-1] Detected FixedThemeResolver
2025-03-10 05:48:04,862 DEBUG o.s.w.s.DispatcherServlet [http-nio-8080-exec-1] Detected org.springframework.web.servlet.view.DefaultRequestToViewNameTranslator@37cc1b11
2025-03-10 05:48:04,863 DEBUG o.s.w.s.DispatcherServlet [http-nio-8080-exec-1] Detected org.springframework.web.servlet.support.SessionFlashMapManager@2242dd2b
2025-03-10 05:48:04,864 DEBUG o.s.w.s.FrameworkServlet [http-nio-8080-exec-1] enableLoggingRequestDetails='false': request parameters and headers will be masked to prevent unsafe logging of potentially sensitive data
2025-03-10 05:48:04,865 INFO o.s.w.s.FrameworkServlet [http-nio-8080-exec-1] Completed initialization in 6 ms
2025-03-10 05:48:04,901 DEBUG o.s.c.l.LogFormatUtils [http-nio-8080-exec-1] POST "/api/auth/register", parameters={}
2025-03-10 05:48:04,903 DEBUG o.s.w.s.h.AbstractHandlerMapping [http-nio-8080-exec-1] Mapped to com.zidioDev.ExpenseManager.controller.AuthController#register(RegisterRequest)
2025-03-10 05:48:05,004 DEBUG o.s.w.m.s.InvocableHandlerMethod [http-nio-8080-exec-1] Could not resolve parameter [0] in public org.springframework.http.ResponseEntity<?> com.zidioDev.ExpenseManager.controller.AuthController.register(com.zidioDev.ExpenseManager.dto.AuthDTO.RegisterRequest): JSON parse error: Cannot deserialize value of type `com.zidioDev.ExpenseManager.model.enums.Role` from String "USER": not one of the values accepted for Enum class: [MANAGER, EMPLOYEE, ADMIN]
2025-03-10 05:48:05,006 DEBUG o.s.w.s.m.m.a.ExceptionHandlerExceptionResolver [http-nio-8080-exec-1] Using @ExceptionHandler com.zidioDev.ExpenseManager.exception.GlobalExceptionHandler#handleAllUncaughtException(Exception)
2025-03-10 05:48:05,038 DEBUG o.s.w.s.m.m.a.AbstractMessageConverterMethodProcessor [http-nio-8080-exec-1] Using 'application/json', given [*/*] and supported [application/json, application/*+json]
2025-03-10 05:48:05,043 DEBUG o.s.c.l.LogFormatUtils [http-nio-8080-exec-1] Writing [ErrorResponse(timestamp=2025-03-10T05:48:05.009341200, status=500, error=Internal Server Error, mess (truncated)...]
2025-03-10 05:48:05,059 DEBUG o.s.w.s.h.AbstractHandlerExceptionResolver [http-nio-8080-exec-1] Resolved [org.springframework.http.converter.HttpMessageNotReadableException: JSON parse error: Cannot deserialize value of type `com.zidioDev.ExpenseManager.model.enums.Role` from String "USER": not one of the values accepted for Enum class: [MANAGER, EMPLOYEE, ADMIN]]
2025-03-10 05:48:05,061 DEBUG o.s.w.s.FrameworkServlet [http-nio-8080-exec-1] Completed 500 INTERNAL_SERVER_ERROR
2025-03-10 05:48:15,677 DEBUG o.s.c.l.LogFormatUtils [http-nio-8080-exec-8] POST "/api/auth/register", parameters={}
2025-03-10 05:48:15,678 DEBUG o.s.w.s.h.AbstractHandlerMapping [http-nio-8080-exec-8] Mapped to com.zidioDev.ExpenseManager.controller.AuthController#register(RegisterRequest)
2025-03-10 05:48:15,680 DEBUG o.s.w.m.s.InvocableHandlerMethod [http-nio-8080-exec-8] Could not resolve parameter [0] in public org.springframework.http.ResponseEntity<?> com.zidioDev.ExpenseManager.controller.AuthController.register(com.zidioDev.ExpenseManager.dto.AuthDTO.RegisterRequest): JSON parse error: Cannot deserialize value of type `com.zidioDev.ExpenseManager.model.enums.Role` from String "USER": not one of the values accepted for Enum class: [MANAGER, EMPLOYEE, ADMIN]
2025-03-10 05:48:15,680 DEBUG o.s.w.s.m.m.a.ExceptionHandlerExceptionResolver [http-nio-8080-exec-8] Using @ExceptionHandler com.zidioDev.ExpenseManager.exception.GlobalExceptionHandler#handleAllUncaughtException(Exception)
2025-03-10 05:48:15,682 DEBUG o.s.w.s.m.m.a.AbstractMessageConverterMethodProcessor [http-nio-8080-exec-8] Using 'application/json', given [*/*] and supported [application/json, application/*+json]
2025-03-10 05:48:15,683 DEBUG o.s.c.l.LogFormatUtils [http-nio-8080-exec-8] Writing [ErrorResponse(timestamp=2025-03-10T05:48:15.681622, status=500, error=Internal Server Error, message (truncated)...]
2025-03-10 05:48:15,684 DEBUG o.s.w.s.h.AbstractHandlerExceptionResolver [http-nio-8080-exec-8] Resolved [org.springframework.http.converter.HttpMessageNotReadableException: JSON parse error: Cannot deserialize value of type `com.zidioDev.ExpenseManager.model.enums.Role` from String "USER": not one of the values accepted for Enum class: [MANAGER, EMPLOYEE, ADMIN]]
2025-03-10 05:48:15,685 DEBUG o.s.w.s.FrameworkServlet [http-nio-8080-exec-8] Completed 500 INTERNAL_SERVER_ERROR
2025-03-10 05:48:46,314 DEBUG o.s.c.l.LogFormatUtils [http-nio-8080-exec-6] POST "/api/auth/register", parameters={}
2025-03-10 05:48:46,315 DEBUG o.s.w.s.h.AbstractHandlerMapping [http-nio-8080-exec-6] Mapped to com.zidioDev.ExpenseManager.controller.AuthController#register(RegisterRequest)
2025-03-10 05:48:46,317 DEBUG o.s.c.l.LogFormatUtils [http-nio-8080-exec-6] Read "application/json;charset=UTF-8" to [com.zidioDev.ExpenseManager.dto.AuthDTO.RegisterRequest@2800a52e]
2025-03-10 05:48:46,445 DEBUG o.h.e.j.s.SqlStatementLogger [http-nio-8080-exec-6] 
    select
        u1_0.id 
    from
        users u1_0 
    where
        u1_0.email=? 
    fetch
        first ? rows only
2025-03-10 05:48:46,591 DEBUG o.h.e.j.s.SqlStatementLogger [http-nio-8080-exec-6] 
    insert 
    into
        users
        (created_at, email, full_name, is_active, is_deleted, password, role, updated_at, version) 
    values
        (?, ?, ?, ?, ?, ?, ?, ?, ?)
2025-03-10 05:48:46,636 DEBUG o.s.w.s.m.m.a.AbstractMessageConverterMethodProcessor [http-nio-8080-exec-6] Using 'text/plain', given [*/*] and supported [text/plain, */*, application/json, application/*+json]
2025-03-10 05:48:46,637 DEBUG o.s.c.l.LogFormatUtils [http-nio-8080-exec-6] Writing ["Unexpected error occurred."]
2025-03-10 05:48:46,639 DEBUG o.s.w.s.FrameworkServlet [http-nio-8080-exec-6] Completed 500 INTERNAL_SERVER_ERROR
2025-03-10 05:48:52,270 INFO o.s.w.s.c.WebSocketMessageBrokerStats [MessageBroker-1] WebSocketSession[0 current WS(0)-HttpStream(0)-HttpPoll(0), 0 total, 0 closed abnormally (0 connect failure, 0 send limit, 0 transport error)], stompSubProtocol[processed CONNECT(0)-CONNECTED(0)-DISCONNECT(0)], stompBrokerRelay[null], inboundChannel[pool size = 0, active threads = 0, queued tasks = 0, completed tasks = 0], outboundChannel[pool size = 0, active threads = 0, queued tasks = 0, completed tasks = 0], sockJsScheduler[pool size = 1, active threads = 1, queued tasks = 0, completed tasks = 0]
2025-03-10 06:04:40,324 INFO o.h.v.i.u.Version [background-preinit] HV000001: Hibernate Validator 8.0.1.Final
2025-03-10 06:04:40,349 INFO o.s.b.StartupInfoLogger [main] Starting ExpenseManagerApplicationTests using Java 21.0.5 with PID 26400 (started by JARVIS in C:\Users\gaint\OneDrive\Desktop\Codes\JAVA\ExpenseManager\backend\ExpenseManager)
2025-03-10 06:04:40,350 DEBUG o.s.b.StartupInfoLogger [main] Running with Spring Boot v3.2.3, Spring v6.1.4
2025-03-10 06:04:40,351 INFO o.s.b.SpringApplication [main] The following 1 profile is active: "dev"
2025-03-10 06:04:40,411 DEBUG o.s.c.s.AbstractApplicationContext [main] Refreshing org.springframework.web.context.support.GenericWebApplicationContext@27fde870
2025-03-10 06:04:41,523 INFO o.s.d.r.c.RepositoryConfigurationDelegate [main] Bootstrapping Spring Data JPA repositories in DEFAULT mode.
2025-03-10 06:04:41,626 INFO o.s.d.r.c.RepositoryConfigurationDelegate [main] Finished Spring Data repository scanning in 92 ms. Found 5 JPA repository interfaces.
2025-03-10 06:04:42,539 INFO o.h.j.i.u.LogHelper [main] HHH000204: Processing PersistenceUnitInfo [name: default]
2025-03-10 06:04:42,685 INFO o.h.Version [main] HHH000412: Hibernate ORM core version 6.4.4.Final
2025-03-10 06:04:42,768 INFO o.h.c.i.RegionFactoryInitiator [main] HHH000026: Second-level cache disabled
2025-03-10 06:04:43,087 INFO o.s.o.j.p.SpringPersistenceUnitInfo [main] No LoadTimeWeaver setup: ignoring JPA class transformer
2025-03-10 06:04:43,125 INFO c.z.h.HikariDataSource [main] HikariPool-1 - Starting...
2025-03-10 06:04:43,433 INFO c.z.h.p.HikariPool [main] HikariPool-1 - Added connection org.postgresql.jdbc.PgConnection@7402c49f
2025-03-10 06:04:43,438 INFO c.z.h.HikariDataSource [main] HikariPool-1 - Start completed.
2025-03-10 06:04:43,489 WARN o.h.e.j.d.i.DialectFactoryImpl [main] HHH90000025: PostgreSQLDialect does not need to be specified explicitly using 'hibernate.dialect' (remove the property setting and it will be selected by default)
2025-03-10 06:04:44,993 INFO o.h.e.t.j.p.i.JtaPlatformInitiator [main] HHH000489: No JTA platform available (set 'hibernate.transaction.jta.platform' to enable JTA platform integration)
2025-03-10 06:04:45,145 INFO o.s.o.j.AbstractEntityManagerFactoryBean [main] Initialized JPA EntityManagerFactory for persistence unit 'default'
2025-03-10 06:04:45,536 INFO o.s.d.j.r.q.QueryEnhancerFactory [main] Hibernate is in classpath; If applicable, HQL parser will be used.
2025-03-10 06:04:46,821 WARN o.s.b.a.o.j.JpaBaseConfiguration$JpaWebConfiguration [main] spring.jpa.open-in-view is enabled by default. Therefore, database queries may be performed during view rendering. Explicitly configure spring.jpa.open-in-view to disable this warning
2025-03-10 06:04:46,987 DEBUG o.s.w.s.h.SimpleUrlHandlerMapping [main] Patterns [/ws/**] in 'stompWebSocketHandlerMapping'
2025-03-10 06:04:47,096 DEBUG o.s.w.s.h.AbstractHandlerMethodMapping [main] 21 mappings in 'requestMappingHandlerMapping'
2025-03-10 06:04:47,174 DEBUG o.s.w.s.h.SimpleUrlHandlerMapping [main] Patterns [/webjars/**, /**, /swagger-ui*/*swagger-initializer.js, /swagger-ui*/**] in 'resourceHandlerMapping'
2025-03-10 06:04:47,214 INFO o.s.s.w.DefaultSecurityFilterChain [main] Will secure any request with [org.springframework.security.web.session.DisableEncodeUrlFilter@78c0fad6, org.springframework.security.web.context.request.async.WebAsyncManagerIntegrationFilter@3c42dc9f, org.springframework.security.web.context.SecurityContextHolderFilter@3da068e8, org.springframework.security.web.header.HeaderWriterFilter@5e388a77, org.springframework.web.filter.CorsFilter@70bca957, org.springframework.security.web.authentication.logout.LogoutFilter@66e17bf2, com.zidioDev.ExpenseManager.config.JwtAuthenticationFilter@8d56ddd, org.springframework.security.web.savedrequest.RequestCacheAwareFilter@72bd8702, org.springframework.security.web.servletapi.SecurityContextHolderAwareRequestFilter@2620d0dc, org.springframework.security.web.authentication.AnonymousAuthenticationFilter@4fbd0d1, org.springframework.security.web.session.SessionManagementFilter@2eaaef66, org.springframework.security.web.access.ExceptionTranslationFilter@55704859, org.springframework.security.web.access.intercept.AuthorizationFilter@3c3f0f2e]
2025-03-10 06:04:47,296 DEBUG o.s.m.h.i.AbstractMethodMessageHandler [main] 
	c.z.E.c.ApprovalController:
	
2025-03-10 06:04:47,297 DEBUG o.s.m.h.i.AbstractMethodMessageHandler [main] 
	c.z.E.c.AuthController:
	
2025-03-10 06:04:47,297 DEBUG o.s.m.h.i.AbstractMethodMessageHandler [main] 
	c.z.E.c.ExpenseController:
	
2025-03-10 06:04:47,297 DEBUG o.s.m.h.i.AbstractMethodMessageHandler [main] 
	c.z.E.c.NotificationController:
	
2025-03-10 06:04:47,298 DEBUG o.s.m.h.i.AbstractMethodMessageHandler [main] 
	c.z.E.c.ReportController:
	
2025-03-10 06:04:47,298 DEBUG o.s.m.h.i.AbstractMethodMessageHandler [main] 
	c.z.E.c.UserController:
	
2025-03-10 06:04:47,299 DEBUG o.s.m.h.i.AbstractMethodMessageHandler [main] 
	o.s.b.a.w.s.e.BasicErrorController:
	
2025-03-10 06:04:47,299 DEBUG o.s.m.h.i.AbstractMethodMessageHandler [main] 
	o.s.w.a.OpenApiWebMvcResource:
	
2025-03-10 06:04:47,300 DEBUG o.s.m.h.i.AbstractMethodMessageHandler [main] 
	o.s.w.u.SwaggerWelcomeWebMvc:
	
2025-03-10 06:04:47,300 DEBUG o.s.m.h.i.AbstractMethodMessageHandler [main] 
	o.s.w.u.SwaggerConfigResource:
	
2025-03-10 06:04:47,497 DEBUG o.s.w.s.m.m.a.RequestMappingHandlerAdapter [main] ControllerAdvice beans: 0 @ModelAttribute, 0 @InitBinder, 1 RequestBodyAdvice, 1 ResponseBodyAdvice
2025-03-10 06:04:47,560 DEBUG o.s.w.s.m.m.a.ExceptionHandlerExceptionResolver [main] ControllerAdvice beans: 2 @ExceptionHandler, 1 ResponseBodyAdvice
2025-03-10 06:04:48,037 DEBUG o.s.c.l.CompositeLog [main] clientOutboundChannel added SubProtocolWebSocketHandler[StompSubProtocolHandler[v10.stomp, v11.stomp, v12.stomp]]
2025-03-10 06:04:48,038 DEBUG o.s.c.l.CompositeLog [main] clientInboundChannel added WebSocketAnnotationMethodMessageHandler[prefixes=[/app/]]
2025-03-10 06:04:48,038 INFO o.s.c.l.CompositeLog [main] Starting...
2025-03-10 06:04:48,039 DEBUG o.s.c.l.CompositeLog [main] clientInboundChannel added SimpleBrokerMessageHandler [org.springframework.messaging.simp.broker.DefaultSubscriptionRegistry@2cb9cc85]
2025-03-10 06:04:48,039 DEBUG o.s.c.l.CompositeLog [main] brokerChannel added SimpleBrokerMessageHandler [org.springframework.messaging.simp.broker.DefaultSubscriptionRegistry@2cb9cc85]
2025-03-10 06:04:48,040 INFO o.s.c.l.CompositeLog [main] BrokerAvailabilityEvent[available=true, SimpleBrokerMessageHandler [org.springframework.messaging.simp.broker.DefaultSubscriptionRegistry@2cb9cc85]]
2025-03-10 06:04:48,041 INFO o.s.c.l.CompositeLog [main] Started.
2025-03-10 06:04:48,042 DEBUG o.s.c.l.CompositeLog [main] clientInboundChannel added UserDestinationMessageHandler[DefaultUserDestinationResolver[prefix=/user/]]
2025-03-10 06:04:48,042 DEBUG o.s.c.l.CompositeLog [main] brokerChannel added UserDestinationMessageHandler[DefaultUserDestinationResolver[prefix=/user/]]
2025-03-10 06:04:48,051 INFO o.s.b.StartupInfoLogger [main] Started ExpenseManagerApplicationTests in 8.255 seconds (process running for 9.452)
2025-03-10 06:04:48,575 DEBUG o.s.c.s.AbstractApplicationContext [SpringApplicationShutdownHook] Closing org.springframework.web.context.support.GenericWebApplicationContext@27fde870, started on Mon Mar 10 06:04:40 IST 2025
2025-03-10 06:04:48,577 DEBUG o.s.c.l.CompositeLog [SpringApplicationShutdownHook] clientOutboundChannel removed SubProtocolWebSocketHandler[StompSubProtocolHandler[v10.stomp, v11.stomp, v12.stomp]]
2025-03-10 06:04:48,578 DEBUG o.s.c.l.CompositeLog [SpringApplicationShutdownHook] clientInboundChannel removed WebSocketAnnotationMethodMessageHandler[prefixes=[/app/]]
2025-03-10 06:04:48,578 INFO o.s.c.l.CompositeLog [SpringApplicationShutdownHook] Stopping...
2025-03-10 06:04:48,578 INFO o.s.c.l.CompositeLog [SpringApplicationShutdownHook] BrokerAvailabilityEvent[available=false, SimpleBrokerMessageHandler [org.springframework.messaging.simp.broker.DefaultSubscriptionRegistry@2cb9cc85]]
2025-03-10 06:04:48,578 DEBUG o.s.c.l.CompositeLog [SpringApplicationShutdownHook] clientInboundChannel removed SimpleBrokerMessageHandler [org.springframework.messaging.simp.broker.DefaultSubscriptionRegistry@2cb9cc85]
2025-03-10 06:04:48,579 DEBUG o.s.c.l.CompositeLog [SpringApplicationShutdownHook] brokerChannel removed SimpleBrokerMessageHandler [org.springframework.messaging.simp.broker.DefaultSubscriptionRegistry@2cb9cc85]
2025-03-10 06:04:48,579 INFO o.s.c.l.CompositeLog [SpringApplicationShutdownHook] Stopped.
2025-03-10 06:04:48,579 DEBUG o.s.c.l.CompositeLog [SpringApplicationShutdownHook] clientInboundChannel removed UserDestinationMessageHandler[DefaultUserDestinationResolver[prefix=/user/]]
2025-03-10 06:04:48,579 DEBUG o.s.c.l.CompositeLog [SpringApplicationShutdownHook] brokerChannel removed UserDestinationMessageHandler[DefaultUserDestinationResolver[prefix=/user/]]
2025-03-10 06:04:48,583 INFO o.s.o.j.AbstractEntityManagerFactoryBean [SpringApplicationShutdownHook] Closing JPA EntityManagerFactory for persistence unit 'default'
2025-03-10 06:04:48,586 INFO c.z.h.HikariDataSource [SpringApplicationShutdownHook] HikariPool-1 - Shutdown initiated...
2025-03-10 06:04:48,593 INFO c.z.h.HikariDataSource [SpringApplicationShutdownHook] HikariPool-1 - Shutdown completed.
